# JRE version: OpenJDK Runtime Environment (8.0_202-b03) (build 1.8.0_202-release-1483-b03)
# Java VM: OpenJDK 64-Bit Server VM (25.202-b03 mixed mode windows-amd64 compressed oops)
Heap:
 PSYoungGen      total 446976K, used 38100K [0x00000000e0000000, 0x00000000ffd00000, 0x0000000100000000)
  eden space 379904K, 3% used [0x00000000e0000000,0x00000000e0d6b8c8,0x00000000f7300000)
  from space 67072K, 36% used [0x00000000f7300000,0x00000000f8ac99f8,0x00000000fb480000)
  to   space 63488K, 0% used [0x00000000fbf00000,0x00000000fbf00000,0x00000000ffd00000)
 ParOldGen       total 527872K, used 288221K [0x00000000a0000000, 0x00000000c0380000, 0x00000000e0000000)
  object space 527872K, 54% used [0x00000000a0000000,0x00000000b19775c8,0x00000000c0380000)
 Metaspace       used 204527K, capacity 217174K, committed 217432K, reserved 1239040K
  class space    used 25695K, capacity 27899K, committed 27992K, reserved 1048576K
GC Heap History (10 events):
Event: 1122.850 GC heap before
{Heap before GC invocations=64 (full 5):
 PSYoungGen      total 451072K, used 403227K [0x00000000e0000000, 0x00000000ff880000, 0x0000000100000000)
  eden space 393728K, 100% used [0x00000000e0000000,0x00000000f8080000,0x00000000f8080000)
  from space 57344K, 16% used [0x00000000fc080000,0x00000000fc9c6f10,0x00000000ff880000)
  to   space 61440K, 0% used [0x00000000f8080000,0x00000000f8080000,0x00000000fbc80000)
 ParOldGen       total 527872K, used 242930K [0x00000000a0000000, 0x00000000c0380000, 0x00000000e0000000)
  object space 527872K, 46% used [0x00000000a0000000,0x00000000aed3c940,0x00000000c0380000)
 Metaspace       used 201275K, capacity 213080K, committed 213336K, reserved 1234944K
  class space    used 25332K, capacity 27389K, committed 27480K, reserved 1048576K
Event: 1122.931 GC heap after
Heap after GC invocations=64 (full 5):
 PSYoungGen      total 455168K, used 61438K [0x00000000e0000000, 0x0000000100000000, 0x0000000100000000)
  eden space 393728K, 0% used [0x00000000e0000000,0x00000000e0000000,0x00000000f8080000)
  from space 61440K, 99% used [0x00000000f8080000,0x00000000fbc7f850,0x00000000fbc80000)
  to   space 69120K, 0% used [0x00000000fbc80000,0x00000000fbc80000,0x0000000100000000)
 ParOldGen       total 527872K, used 255527K [0x00000000a0000000, 0x00000000c0380000, 0x00000000e0000000)
  object space 527872K, 48% used [0x00000000a0000000,0x00000000af989e00,0x00000000c0380000)
 Metaspace       used 201275K, capacity 213080K, committed 213336K, reserved 1234944K
  class space    used 25332K, capacity 27389K, committed 27480K, reserved 1048576K
}
Event: 1566.204 GC heap before
{Heap before GC invocations=65 (full 5):
 PSYoungGen      total 455168K, used 455166K [0x00000000e0000000, 0x0000000100000000, 0x0000000100000000)
  eden space 393728K, 100% used [0x00000000e0000000,0x00000000f8080000,0x00000000f8080000)
  from space 61440K, 99% used [0x00000000f8080000,0x00000000fbc7f850,0x00000000fbc80000)
  to   space 69120K, 0% used [0x00000000fbc80000,0x00000000fbc80000,0x0000000100000000)
 ParOldGen       total 527872K, used 255527K [0x00000000a0000000, 0x00000000c0380000, 0x00000000e0000000)
  object space 527872K, 48% used [0x00000000a0000000,0x00000000af989e00,0x00000000c0380000)
 Metaspace       used 203370K, capacity 215738K, committed 216024K, reserved 1236992K
  class space    used 25616K, capacity 27783K, committed 27864K, reserved 1048576K
Event: 1566.281 GC heap after
Heap after GC invocations=65 (full 5):
 PSYoungGen      total 444928K, used 11614K [0x00000000e0000000, 0x0000000100000000, 0x0000000100000000)
  eden space 375808K, 0% used [0x00000000e0000000,0x00000000e0000000,0x00000000f6f00000)
  from space 69120K, 16% used [0x00000000fbc80000,0x00000000fc7d7b38,0x0000000100000000)
  to   space 74240K, 0% used [0x00000000f6f00000,0x00000000f6f00000,0x00000000fb780000)
 ParOldGen       total 527872K, used 284079K [0x00000000a0000000, 0x00000000c0380000, 0x00000000e0000000)
  object space 527872K, 53% used [0x00000000a0000000,0x00000000b156bca0,0x00000000c0380000)
 Metaspace       used 203370K, capacity 215738K, committed 216024K, reserved 1236992K
  class space    used 25616K, capacity 27783K, committed 27864K, reserved 1048576K
}
Event: 2287.000 GC heap before
{Heap before GC invocations=66 (full 5):
 PSYoungGen      total 444928K, used 387422K [0x00000000e0000000, 0x0000000100000000, 0x0000000100000000)
  eden space 375808K, 100% used [0x00000000e0000000,0x00000000f6f00000,0x00000000f6f00000)
  from space 69120K, 16% used [0x00000000fbc80000,0x00000000fc7d7b38,0x0000000100000000)
  to   space 74240K, 0% used [0x00000000f6f00000,0x00000000f6f00000,0x00000000fb780000)
 ParOldGen       total 527872K, used 284079K [0x00000000a0000000, 0x00000000c0380000, 0x00000000e0000000)
  object space 527872K, 53% used [0x00000000a0000000,0x00000000b156bca0,0x00000000c0380000)
 Metaspace       used 203909K, capacity 216506K, committed 216536K, reserved 1239040K
  class space    used 25661K, capacity 27857K, committed 27864K, reserved 1048576K
Event: 2287.025 GC heap after
Heap after GC invocations=66 (full 5):
 PSYoungGen      total 450048K, used 17608K [0x00000000e0000000, 0x00000000ffd00000, 0x0000000100000000)
  eden space 375808K, 0% used [0x00000000e0000000,0x00000000e0000000,0x00000000f6f00000)
  from space 74240K, 23% used [0x00000000f6f00000,0x00000000f8032340,0x00000000fb780000)
  to   space 70144K, 0% used [0x00000000fb880000,0x00000000fb880000,0x00000000ffd00000)
 ParOldGen       total 527872K, used 288213K [0x00000000a0000000, 0x00000000c0380000, 0x00000000e0000000)
  object space 527872K, 54% used [0x00000000a0000000,0x00000000b19755c8,0x00000000c0380000)
 Metaspace       used 203909K, capacity 216506K, committed 216536K, reserved 1239040K
  class space    used 25661K, capacity 27857K, committed 27864K, reserved 1048576K
}
Event: 2296.433 GC heap before
{Heap before GC invocations=67 (full 5):
 PSYoungGen      total 450048K, used 393416K [0x00000000e0000000, 0x00000000ffd00000, 0x0000000100000000)
  eden space 375808K, 100% used [0x00000000e0000000,0x00000000f6f00000,0x00000000f6f00000)
  from space 74240K, 23% used [0x00000000f6f00000,0x00000000f8032340,0x00000000fb780000)
  to   space 70144K, 0% used [0x00000000fb880000,0x00000000fb880000,0x00000000ffd00000)
 ParOldGen       total 527872K, used 288213K [0x00000000a0000000, 0x00000000c0380000, 0x00000000e0000000)
  object space 527872K, 54% used [0x00000000a0000000,0x00000000b19755c8,0x00000000c0380000)
 Metaspace       used 204088K, capacity 216746K, committed 216920K, reserved 1239040K
  class space    used 25673K, capacity 27865K, committed 27992K, reserved 1048576K
Event: 2296.465 GC heap after
Heap after GC invocations=67 (full 5):
 PSYoungGen      total 442880K, used 12274K [0x00000000e0000000, 0x00000000ff600000, 0x0000000100000000)
  eden space 379904K, 0% used [0x00000000e0000000,0x00000000e0000000,0x00000000f7300000)
  from space 62976K, 19% used [0x00000000fb880000,0x00000000fc47ca78,0x00000000ff600000)
  to   space 67072K, 0% used [0x00000000f7300000,0x00000000f7300000,0x00000000fb480000)
 ParOldGen       total 527872K, used 288221K [0x00000000a0000000, 0x00000000c0380000, 0x00000000e0000000)
  object space 527872K, 54% used [0x00000000a0000000,0x00000000b19775c8,0x00000000c0380000)
 Metaspace       used 204088K, capacity 216746K, committed 216920K, reserved 1239040K
  class space    used 25673K, capacity 27865K, committed 27992K, reserved 1048576K
}
Event: 2305.315 GC heap before
{Heap before GC invocations=68 (full 5):
 PSYoungGen      total 442880K, used 392178K [0x00000000e0000000, 0x00000000ff600000, 0x0000000100000000)
  eden space 379904K, 100% used [0x00000000e0000000,0x00000000f7300000,0x00000000f7300000)
  from space 62976K, 19% used [0x00000000fb880000,0x00000000fc47ca78,0x00000000ff600000)
  to   space 67072K, 0% used [0x00000000f7300000,0x00000000f7300000,0x00000000fb480000)
 ParOldGen       total 527872K, used 288221K [0x00000000a0000000, 0x00000000c0380000, 0x00000000e0000000)
  object space 527872K, 54% used [0x00000000a0000000,0x00000000b19775c8,0x00000000c0380000)
 Metaspace       used 204525K, capacity 217174K, committed 217432K, reserved 1239040K
  class space    used 25695K, capacity 27899K, committed 27992K, reserved 1048576K
Event: 2305.362 GC heap after
Heap after GC invocations=68 (full 5):
 PSYoungGen      total 446976K, used 24358K [0x00000000e0000000, 0x00000000ffd00000, 0x0000000100000000)
  eden space 379904K, 0% used [0x00000000e0000000,0x00000000e0000000,0x00000000f7300000)
  from space 67072K, 36% used [0x00000000f7300000,0x00000000f8ac99f8,0x00000000fb480000)
  to   space 63488K, 0% used [0x00000000fbf00000,0x00000000fbf00000,0x00000000ffd00000)
 ParOldGen       total 527872K, used 288221K [0x00000000a0000000, 0x00000000c0380000, 0x00000000e0000000)
  object space 527872K, 54% used [0x00000000a0000000,0x00000000b19775c8,0x00000000c0380000)
 Metaspace       used 204525K, capacity 217174K, committed 217432K, reserved 1239040K
  class space    used 25695K, capacity 27899K, committed 27992K, reserved 1048576K
}

